10 epoch: 1 step: 1 total_loss: 0.74687
11 epoch: 1 step: 2 total_loss: 0.58246
11 epoch: 1 step: 3 total_loss: 0.55966
12 epoch: 1 step: 4 total_loss: 0.69293
12 epoch: 1 step: 5 total_loss: 0.30772
13 epoch: 1 step: 6 total_loss: 0.29163
13 epoch: 1 step: 7 total_loss: 0.23607
14 epoch: 1 step: 8 total_loss: 0.17631
15 epoch: 1 step: 9 total_loss: 0.05512
15 epoch: 1 step: 10 total_loss: 0.13805
16 epoch: 1 step: 11 total_loss: 0.41765
16 epoch: 1 step: 12 total_loss: 0.14526
17 epoch: 1 step: 13 total_loss: 0.10588
17 epoch: 1 step: 14 total_loss: 0.11998
18 epoch: 1 step: 15 total_loss: 0.37219
19 epoch: 1 step: 16 total_loss: 0.16977
19 epoch: 1 step: 17 total_loss: 0.03186
20 epoch: 1 step: 18 total_loss: 0.05517
20 epoch: 1 step: 19 total_loss: 0.02100
21 epoch: 1 step: 20 total_loss: 0.00005
21 epoch: 1 step: 21 total_loss: 3.02257
22 epoch: 1 step: 22 total_loss: 0.16204
23 epoch: 1 step: 23 total_loss: 0.05557
23 epoch: 1 step: 24 total_loss: 0.09389
24 epoch: 1 step: 25 total_loss: 0.27780
24 epoch: 1 step: 26 total_loss: 0.04695
25 epoch: 1 step: 27 total_loss: 0.08322
26 epoch: 1 step: 28 total_loss: 0.18764
26 epoch: 1 step: 29 total_loss: 0.42234
27 epoch: 1 step: 30 total_loss: 0.13277
27 epoch: 1 step: 31 total_loss: 0.35824
28 epoch: 1 step: 32 total_loss: 0.01794
29 epoch: 1 step: 33 total_loss: 0.10706
29 epoch: 1 step: 34 total_loss: 0.57637
30 epoch: 1 step: 35 total_loss: 0.71212
30 epoch: 1 step: 36 total_loss: 0.21808
31 epoch: 1 step: 37 total_loss: 0.25221
32 epoch: 1 step: 38 total_loss: 0.10447
32 epoch: 1 step: 39 total_loss: 0.08435
33 epoch: 1 step: 40 total_loss: 0.24155
33 epoch: 1 step: 41 total_loss: 0.04456
34 epoch: 1 step: 42 total_loss: 0.05158
34 epoch: 1 step: 43 total_loss: 0.18568
35 epoch: 1 step: 44 total_loss: 0.19250
36 epoch: 1 step: 45 total_loss: 0.27158
36 epoch: 1 step: 46 total_loss: 0.22659
37 epoch: 1 step: 47 total_loss: 0.08204
37 epoch: 1 step: 48 total_loss: 0.22459
38 epoch: 1 step: 49 total_loss: 0.02731
39 epoch: 1 step: 50 total_loss: 0.19507
39 epoch: 1 step: 51 total_loss: 0.06423
40 epoch: 1 step: 52 total_loss: 0.08152
40 epoch: 1 step: 53 total_loss: 0.02522
41 epoch: 1 step: 54 total_loss: 0.07126
42 epoch: 1 step: 55 total_loss: 0.14097
42 epoch: 1 step: 56 total_loss: 0.18512
43 epoch: 1 step: 57 total_loss: 0.23395
43 epoch: 1 step: 58 total_loss: 0.17964
44 epoch: 1 step: 59 total_loss: 0.28572
45 epoch: 1 step: 60 total_loss: 0.16247
45 epoch: 1 step: 61 total_loss: 0.08451
46 epoch: 1 step: 62 total_loss: 0.28980
46 epoch: 1 step: 63 total_loss: 0.04360
47 epoch: 1 step: 64 total_loss: 0.07317
47 epoch: 1 step: 65 total_loss: 0.11777
48 epoch: 1 step: 66 total_loss: 0.26964
49 epoch: 1 step: 67 total_loss: 0.09665
49 epoch: 1 step: 68 total_loss: 0.39398
50 epoch: 1 step: 69 total_loss: 0.18652
50 epoch: 1 step: 70 total_loss: 0.07572
51 epoch: 1 step: 71 total_loss: 0.40153
52 epoch: 1 step: 72 total_loss: 0.21264
52 epoch: 1 step: 73 total_loss: 0.11673
53 epoch: 1 step: 74 total_loss: 0.08916
53 epoch: 1 step: 75 total_loss: 0.61866
54 epoch: 1 step: 76 total_loss: 0.20110
54 epoch: 1 step: 77 total_loss: 0.01892
55 epoch: 1 step: 78 total_loss: 0.19132
56 epoch: 1 step: 79 total_loss: 0.24698
56 epoch: 1 step: 80 total_loss: 0.05992
57 epoch: 1 step: 81 total_loss: 0.26807
57 epoch: 1 step: 82 total_loss: 0.64589
58 epoch: 1 step: 83 total_loss: 0.08101
59 epoch: 1 step: 84 total_loss: 0.02695
59 epoch: 1 step: 85 total_loss: 0.16279
60 epoch: 1 step: 86 total_loss: 0.17254
60 epoch: 1 step: 87 total_loss: 0.32159
61 epoch: 1 step: 88 total_loss: 0.26553
61 epoch: 1 step: 89 total_loss: 0.19407
62 epoch: 1 step: 90 total_loss: 0.70198
63 epoch: 1 step: 91 total_loss: 0.07329
63 epoch: 1 step: 92 total_loss: 0.25696
64 epoch: 1 step: 93 total_loss: 0.00893
64 epoch: 1 step: 94 total_loss: 0.07889
65 epoch: 1 step: 95 total_loss: 0.02714
66 epoch: 1 step: 96 total_loss: 0.16956
66 epoch: 1 step: 97 total_loss: 0.23994
67 epoch: 1 step: 98 total_loss: 0.01693
67 epoch: 1 step: 99 total_loss: 0.02284
68 epoch: 1 step: 100 total_loss: 0.02482
69 epoch: 2 step: 1 total_loss: 0.04803
70 epoch: 2 step: 2 total_loss: 0.02332
70 epoch: 2 step: 3 total_loss: 0.02993
71 epoch: 2 step: 4 total_loss: 0.00745
72 epoch: 2 step: 5 total_loss: 0.12810
72 epoch: 2 step: 6 total_loss: 0.00808
73 epoch: 2 step: 7 total_loss: 0.26419
73 epoch: 2 step: 8 total_loss: 0.18375
74 epoch: 2 step: 9 total_loss: 0.25004
75 epoch: 2 step: 10 total_loss: 0.10245
75 epoch: 2 step: 11 total_loss: 0.03151
76 epoch: 2 step: 12 total_loss: 0.06709
76 epoch: 2 step: 13 total_loss: 0.07497
77 epoch: 2 step: 14 total_loss: 0.09730
78 epoch: 2 step: 15 total_loss: 0.00110
78 epoch: 2 step: 16 total_loss: 0.00965
79 epoch: 2 step: 17 total_loss: 0.10014
79 epoch: 2 step: 18 total_loss: 0.12086
80 epoch: 2 step: 19 total_loss: 0.11010
80 epoch: 2 step: 20 total_loss: 0.01432
81 epoch: 2 step: 21 total_loss: 0.14213
82 epoch: 2 step: 22 total_loss: 0.05675
82 epoch: 2 step: 23 total_loss: 0.20775
83 epoch: 2 step: 24 total_loss: 0.10807
83 epoch: 2 step: 25 total_loss: 0.07782
84 epoch: 2 step: 26 total_loss: 0.02653
85 epoch: 2 step: 27 total_loss: 0.07974
85 epoch: 2 step: 28 total_loss: 0.09544
86 epoch: 2 step: 29 total_loss: 0.33453
86 epoch: 2 step: 30 total_loss: 0.03827
87 epoch: 2 step: 31 total_loss: 0.09744
88 epoch: 2 step: 32 total_loss: 0.09381
88 epoch: 2 step: 33 total_loss: 0.14559
89 epoch: 2 step: 34 total_loss: 0.12910
89 epoch: 2 step: 35 total_loss: 0.14180
90 epoch: 2 step: 36 total_loss: 0.03006
91 epoch: 2 step: 37 total_loss: 0.26008
91 epoch: 2 step: 38 total_loss: 0.12960
92 epoch: 2 step: 39 total_loss: 0.28791
92 epoch: 2 step: 40 total_loss: 0.53955
93 epoch: 2 step: 41 total_loss: 0.15147
94 epoch: 2 step: 42 total_loss: 0.16216
94 epoch: 2 step: 43 total_loss: 0.12246
95 epoch: 2 step: 44 total_loss: 0.02327
95 epoch: 2 step: 45 total_loss: 0.03781
96 epoch: 2 step: 46 total_loss: 0.09436
97 epoch: 2 step: 47 total_loss: 0.22970
97 epoch: 2 step: 48 total_loss: 0.10150
98 epoch: 2 step: 49 total_loss: 0.10278
98 epoch: 2 step: 50 total_loss: 0.04472
99 epoch: 2 step: 51 total_loss: 0.22051
99 epoch: 2 step: 52 total_loss: 0.04145
100 epoch: 2 step: 53 total_loss: 0.09570
101 epoch: 2 step: 54 total_loss: 0.03034
101 epoch: 2 step: 55 total_loss: 0.06320
102 epoch: 2 step: 56 total_loss: 0.36041
102 epoch: 2 step: 57 total_loss: 0.16784
103 epoch: 2 step: 58 total_loss: 0.07620
104 epoch: 2 step: 59 total_loss: 0.06059
104 epoch: 2 step: 60 total_loss: 0.21686
105 epoch: 2 step: 61 total_loss: 0.31915
105 epoch: 2 step: 62 total_loss: 0.21223
106 epoch: 2 step: 63 total_loss: 0.06875
107 epoch: 2 step: 64 total_loss: 0.01118
107 epoch: 2 step: 65 total_loss: 0.02526
108 epoch: 2 step: 66 total_loss: 0.09103
108 epoch: 2 step: 67 total_loss: 0.14839
109 epoch: 2 step: 68 total_loss: 0.04998
110 epoch: 2 step: 69 total_loss: 0.10982
110 epoch: 2 step: 70 total_loss: 0.08906
111 epoch: 2 step: 71 total_loss: 0.12922
111 epoch: 2 step: 72 total_loss: 0.13541
112 epoch: 2 step: 73 total_loss: 0.05362
113 epoch: 2 step: 74 total_loss: 0.11081
113 epoch: 2 step: 75 total_loss: 0.56849
114 epoch: 2 step: 76 total_loss: 0.04456
114 epoch: 2 step: 77 total_loss: 0.01638
115 epoch: 2 step: 78 total_loss: 0.02499
115 epoch: 2 step: 79 total_loss: 0.27919
116 epoch: 2 step: 80 total_loss: 0.09929
117 epoch: 2 step: 81 total_loss: 0.01841
117 epoch: 2 step: 82 total_loss: 0.32900
118 epoch: 2 step: 83 total_loss: 0.03079
118 epoch: 2 step: 84 total_loss: 0.03517
119 epoch: 2 step: 85 total_loss: 1.49995
120 epoch: 2 step: 86 total_loss: 0.16621
120 epoch: 2 step: 87 total_loss: 0.02459
121 epoch: 2 step: 88 total_loss: 0.02301
121 epoch: 2 step: 89 total_loss: 0.02740
122 epoch: 2 step: 90 total_loss: 0.02597
123 epoch: 2 step: 91 total_loss: 0.06348
123 epoch: 2 step: 92 total_loss: 0.04811
124 epoch: 2 step: 93 total_loss: 0.31916
124 epoch: 2 step: 94 total_loss: 0.55801
125 epoch: 2 step: 95 total_loss: 0.21739
126 epoch: 2 step: 96 total_loss: 0.24122
126 epoch: 2 step: 97 total_loss: 0.61847
127 epoch: 2 step: 98 total_loss: 0.54944
127 epoch: 2 step: 99 total_loss: 0.28698
128 epoch: 2 step: 100 total_loss: 0.07375
129 epoch: 3 step: 1 total_loss: 0.11624
130 epoch: 3 step: 2 total_loss: 0.14475
130 epoch: 3 step: 3 total_loss: 0.10452
131 epoch: 3 step: 4 total_loss: 0.01429
131 epoch: 3 step: 5 total_loss: 0.17679
132 epoch: 3 step: 6 total_loss: 0.13808
133 epoch: 3 step: 7 total_loss: 0.34249
133 epoch: 3 step: 8 total_loss: 0.14477
134 epoch: 3 step: 9 total_loss: 0.15021
134 epoch: 3 step: 10 total_loss: 0.11304
137 epoch: 3 step: 11 total_loss: 0.06035
141 epoch: 3 step: 12 total_loss: 0.09080
