Appending horizontally-flipped training examples...
wider_train gt roidb loaded from /home/ma-user/work/ssh-pytorch/data/cache/wider_train_train_gt_roidb.pkl
done
Preparing training data...
done
------------------------iteration 50-----------9950 left---------
Average per iter: 0.3101 second.   ETA: 0.8570 hours
Average data load time: 0.0307
loss:1.8384679573774338
m3 cls:0.3130277795197617
m3 box:0.032212717197835444
m2 cls:0.592289420044981
m2 box:0.1048475594446063
m1 cls:0.6579688519681803
m1 box:0.1381216248869896 
------------------------iteration 100-----------9900 left---------
Average per iter: 0.2969 second.   ETA: 0.8165 hours
Average data load time: 0.0304
loss:0.7396248252689839
m3 cls:0.08744844895165443
m3 box:0.021288264244794845
m2 cls:0.2302571305539459
m2 box:0.045769280046224596
m1 cls:0.3074091323418543
m1 box:0.04745257651433349 
------------------------iteration 150-----------9850 left---------
Average per iter: 0.2845 second.   ETA: 0.7785 hours
Average data load time: 0.0306
loss:0.6022943168878555
m3 cls:0.07627484901790012
m3 box:0.016822446659207343
m2 cls:0.17222564523573966
m2 box:0.028302235542796553
m1 cls:0.2702067497605458
m1 box:0.03846239256672561 
------------------------iteration 200-----------9800 left---------
Average per iter: 0.2877 second.   ETA: 0.7831 hours
Average data load time: 0.0321
loss:0.4804600002616644
m3 cls:0.13227248843311826
m3 box:0.025902924053370954
m2 cls:0.10508955390228948
m2 box:0.014293515086174012
m1 cls:0.1783174383593723
m1 box:0.0245840782020241 
------------------------iteration 250-----------9750 left---------
Average per iter: 0.3068 second.   ETA: 0.8309 hours
Average data load time: 0.0308
loss:0.5365229691565037
m3 cls:0.06428011270239949
m3 box:0.015120753068476916
m2 cls:0.13442528749757912
m2 box:0.023317454233765602
m1 cls:0.2614481122395955
m1 box:0.037931246790103616 
------------------------iteration 300-----------9700 left---------
Average per iter: 0.2976 second.   ETA: 0.8017 hours
Average data load time: 0.0310
loss:0.5334947989881038
m3 cls:0.10438107120571657
m3 box:0.021807828648015858
m2 cls:0.16838655059691518
m2 box:0.0296044842293486
m1 cls:0.18165426109451802
m1 box:0.027660601576790213 
------------------------iteration 350-----------9650 left---------
Average per iter: 0.2976 second.   ETA: 0.7977 hours
Average data load time: 0.0287
loss:0.3628450698405504
m3 cls:0.010588803152199944
m3 box:0.003387156156823039
m2 cls:0.12219334029752645
m2 box:0.024919972142670305
m1 cls:0.1766402724478394
m1 box:0.02511552384123206 
------------------------iteration 400-----------9600 left---------
Average per iter: 0.3101 second.   ETA: 0.8269 hours
Average data load time: 0.0288
loss:0.370100075379014
m3 cls:0.07381873951599119
m3 box:0.016652832068502904
m2 cls:0.10252156853326597
m2 box:0.020174051406793295
m1 cls:0.13874203346669675
m1 box:0.01819085169583559 
------------------------iteration 450-----------9550 left---------
Average per iter: 0.3104 second.   ETA: 0.8235 hours
Average data load time: 0.0338
loss:0.3260809553414583
m3 cls:0.02725035196817771
m3 box:0.008323659729212523
m2 cls:0.09340978741500294
m2 box:0.019214757909066973
m1 cls:0.15660844056401402
m1 box:0.021273955875076352 
------------------------iteration 500-----------9500 left---------
Average per iter: 0.3095 second.   ETA: 0.8168 hours
Average data load time: 0.0310
loss:0.478638321980834
m3 cls:0.09001857164631247
m3 box:0.019005333259701728
m2 cls:0.1504831052693771
m2 box:0.02692483673337847
m1 cls:0.16960656617884523
m1 box:0.022599905785173176 
check point saved
------------------------iteration 550-----------9450 left---------
Average per iter: 0.3140 second.   ETA: 0.8242 hours
Average data load time: 0.0286
loss:0.3640839487314224
m3 cls:0.03944322002083254
m3 box:0.007673777900636196
m2 cls:0.08646180882729823
m2 box:0.017614733481314034
m1 cls:0.18142777164117432
m1 box:0.03146263493224979 
------------------------iteration 600-----------9400 left---------
Average per iter: 0.2960 second.   ETA: 0.7728 hours
Average data load time: 0.0321
loss:0.3905404584482312
m3 cls:0.05581232295095106
m3 box:0.012015405362471938
m2 cls:0.07993583635194228
m2 box:0.018745094486512244
m1 cls:0.1962877135456074
m1 box:0.02774408692959696 
------------------------iteration 650-----------9350 left---------
Average per iter: 0.3082 second.   ETA: 0.8003 hours
Average data load time: 0.0309
loss:0.35144352532923223
m3 cls:0.022212361047095328
m3 box:0.004799770535901189
m2 cls:0.09674632876180113
m2 box:0.02172010731184855
m1 cls:0.17968924050335772
m1 box:0.02627572386758402 
------------------------iteration 700-----------9300 left---------
Average per iter: 0.3132 second.   ETA: 0.8091 hours
Average data load time: 0.0309
loss:0.4888627354800701
m3 cls:0.08965686441199068
m3 box:0.01571681600995362
m2 cls:0.16254388520028443
m2 box:0.025772752687335015
m1 cls:0.17221568248172844
m1 box:0.022956733866594733 
------------------------iteration 750-----------9250 left---------
Average per iter: 0.3040 second.   ETA: 0.7811 hours
Average data load time: 0.0306
loss:0.41895263217389583
m3 cls:0.043584858399008226
m3 box:0.006898566652089357
m2 cls:0.12582891728263348
m2 box:0.020897290961584075
m1 cls:0.19532576160505413
m1 box:0.026417240924201904 
------------------------iteration 800-----------9200 left---------
Average per iter: 0.2881 second.   ETA: 0.7362 hours
Average data load time: 0.0309
loss:0.3092829381301999
m3 cls:0.016249688535226597
m3 box:0.005441917590796947
m2 cls:0.07146172373672016
m2 box:0.018739171975757928
m1 cls:0.17266587008256465
m1 box:0.02472456521820277 
------------------------iteration 850-----------9150 left---------
Average per iter: 0.3120 second.   ETA: 0.7929 hours
Average data load time: 0.0322
loss:0.48127694472670557
m3 cls:0.09023822527016932
m3 box:0.014722556490451098
m2 cls:0.10754345559592593
m2 box:0.02362876562634483
m1 cls:0.2192583960853335
m1 box:0.02588553839363158 
------------------------iteration 900-----------9100 left---------
Average per iter: 0.3192 second.   ETA: 0.8068 hours
Average data load time: 0.0359
loss:0.25446375643834473
m3 cls:0.030635020349721636
m3 box:0.005250259730964899
m2 cls:0.07326726947445422
m2 box:0.014045798896695487
m1 cls:0.11610188706545159
m1 box:0.015163521463982761 
------------------------iteration 950-----------9050 left---------
Average per iter: 0.3160 second.   ETA: 0.7943 hours
Average data load time: 0.0297
loss:0.34629824724048375
m3 cls:0.09743300911788538
m3 box:0.017059601088985802
m2 cls:0.09281607434153556
m2 box:0.01690962115302682
m1 cls:0.10265598492464051
m1 box:0.01942395472433418 
------------------------iteration 1000-----------9000 left---------
Average per iter: 0.3182 second.   ETA: 0.7955 hours
Average data load time: 0.0327
loss:0.31232320416718723
m3 cls:0.036678405252823724
m3 box:0.007397083509713412
m2 cls:0.05600492492027115
m2 box:0.011391243399120867
m1 cls:0.17746132511645554
m1 box:0.023390222422312944 
check point saved
------------------------iteration 1050-----------8950 left---------
Average per iter: 0.3330 second.   ETA: 0.8279 hours
Average data load time: 0.0341
loss:0.3830193977802992
m3 cls:0.03760525762286306
m3 box:0.007284300355240703
m2 cls:0.11841059730562847
m2 box:0.021831519468687475
m1 cls:0.17593814070802183
m1 box:0.02194958630017936 
------------------------iteration 1100-----------8900 left---------
Average per iter: 0.3267 second.   ETA: 0.8076 hours
Average data load time: 0.0297
loss:0.4576195827126503
m3 cls:0.07266933806575253
m3 box:0.01065572447143495
m2 cls:0.11419087433256209
m2 box:0.021315786745399235
m1 cls:0.20605996633996257
m1 box:0.03272789430338889 
------------------------iteration 1150-----------8850 left---------
Average per iter: 0.3107 second.   ETA: 0.7638 hours
Average data load time: 0.0303
loss:0.2608963227644563
m3 cls:0.037887653561156184
m3 box:0.007202459615655243
m2 cls:0.0765168915859249
m2 box:0.014759289196226745
m1 cls:0.10846810983668548
m1 box:0.016061917343176902 
------------------------iteration 1200-----------8800 left---------
Average per iter: 0.2978 second.   ETA: 0.7279 hours
Average data load time: 0.0295
loss:0.26907447759062053
m3 cls:0.01731593233080048
m3 box:0.002626131065189838
m2 cls:0.08136559620616027
m2 box:0.015197063242085277
m1 cls:0.12930759523820598
m1 box:0.023262158633442595 
------------------------iteration 1250-----------8750 left---------
Average per iter: 0.3172 second.   ETA: 0.7709 hours
Average data load time: 0.0317
loss:0.319847663231194
m3 cls:0.024645969092413792
m3 box:0.005073531540110707
m2 cls:0.07293506111367605
m2 box:0.016609910447150468
m1 cls:0.18318105681217275
m1 box:0.017402135154698045 
------------------------iteration 1300-----------8700 left---------
Average per iter: 0.3103 second.   ETA: 0.7499 hours
Average data load time: 0.0309
loss:0.2755932489410043
m3 cls:0.06374347632341597
m3 box:0.010161936925724148
m2 cls:0.05815833854614539
m2 box:0.012522397264838218
m1 cls:0.11607697010971606
m1 box:0.014930132739245892 
------------------------iteration 1350-----------8650 left---------
Average per iter: 0.3232 second.   ETA: 0.7766 hours
Average data load time: 0.0324
loss:0.2548251386731863
m3 cls:0.054354072733349315
m3 box:0.009938372727483512
m2 cls:0.058216719264164565
m2 box:0.01604156567249447
m1 cls:0.10055112283211201
m1 box:0.015723284473642705 
------------------------iteration 1400-----------8600 left---------
Average per iter: 0.3328 second.   ETA: 0.7951 hours
Average data load time: 0.0318
loss:0.31573476646095516
m3 cls:0.050480631466707566
m3 box:0.007127753719687462
m2 cls:0.1007186133536743
m2 box:0.017811335748992862
m1 cls:0.12502374224364757
m1 box:0.01457268943078816 
------------------------iteration 1450-----------8550 left---------
Average per iter: 0.3354 second.   ETA: 0.7967 hours
Average data load time: 0.0339
loss:0.2965830673277378
m3 cls:0.02889626591844717
m3 box:0.006142578069120646
m2 cls:0.08798948968586046
m2 box:0.018840856987517328
m1 cls:0.13956870793073903
m1 box:0.015145167205482722 
------------------------iteration 1500-----------8500 left---------
Average per iter: 0.3030 second.   ETA: 0.7155 hours
Average data load time: 0.0317
loss:0.3046379727870226
m3 cls:0.04017740161747497
m3 box:0.004969334723427892
m2 cls:0.053654878631350586
m2 box:0.012094711310928687
m1 cls:0.17290617972146718
m1 box:0.02083546915790066 
check point saved
------------------------iteration 1550-----------8450 left---------
Average per iter: 0.3154 second.   ETA: 0.7403 hours
Average data load time: 0.0315
loss:0.31576271513476967
m3 cls:0.060912774716198326
m3 box:0.011432645013555884
m2 cls:0.06460587692989066
m2 box:0.016721837880904786
m1 cls:0.14173607607313898
m1 box:0.0203535021468997 
------------------------iteration 1600-----------8400 left---------
Average per iter: 0.3307 second.   ETA: 0.7717 hours
Average data load time: 0.0309
loss:0.37316518582403657
m3 cls:0.0825142722327655
m3 box:0.010006390260532499
m2 cls:0.10011202638619579
m2 box:0.019889178583398462
m1 cls:0.14084219143958762
m1 box:0.01980112520046532 
------------------------iteration 1650-----------8350 left---------
Average per iter: 0.2891 second.   ETA: 0.6705 hours
Average data load time: 0.0286
loss:0.46188670879229904
m3 cls:0.05367449501733745
m3 box:0.008765155347064138
m2 cls:0.12673730345672085
m2 box:0.019039544130209834
m1 cls:0.2208906819706317
m1 box:0.03277952958829701 
------------------------iteration 1700-----------8300 left---------
Average per iter: 0.3189 second.   ETA: 0.7353 hours
Average data load time: 0.0369
loss:0.3990539649873972
m3 cls:0.05845716672418348
m3 box:0.011119390679523349
m2 cls:0.08425211383146233
m2 box:0.012857591934734956
m1 cls:0.20828483276534826
m1 box:0.02408286680933088 
------------------------iteration 1750-----------8250 left---------
Average per iter: 0.3175 second.   ETA: 0.7276 hours
Average data load time: 0.0312
loss:0.26786577720195054
m3 cls:0.03152914291979528
m3 box:0.006295213419944048
m2 cls:0.10603251193126198
m2 box:0.018468383653089403
m1 cls:0.09261262784984865
m1 box:0.012927896035835147 
------------------------iteration 1800-----------8200 left---------
Average per iter: 0.3106 second.   ETA: 0.7075 hours
Average data load time: 0.0304
loss:0.3623705318570137
m3 cls:0.01043533405444009
m3 box:0.0028916340228170158
m2 cls:0.08236240796584753
m2 box:0.015585653717862443
m1 cls:0.22327122604940086
m1 box:0.02782427754253149 
------------------------iteration 1850-----------8150 left---------
Average per iter: 0.3323 second.   ETA: 0.7523 hours
Average data load time: 0.0382
loss:0.2434665208030492
m3 cls:0.0192135506996064
m3 box:0.004113424853421747
m2 cls:0.10166920613846742
m2 box:0.018216368274297564
m1 cls:0.08803378967102617
m1 box:0.012220180053263903 
------------------------iteration 1900-----------8100 left---------
Average per iter: 0.3295 second.   ETA: 0.7414 hours
Average data load time: 0.0325
loss:0.28511128399521113
m3 cls:0.02332321554002192
m3 box:0.005108690084889531
m2 cls:0.07753539392200764
m2 box:0.012306504677981138
m1 cls:0.1492751325550489
m1 box:0.017562345499172807 
------------------------iteration 1950-----------8050 left---------
Average per iter: 0.3342 second.   ETA: 0.7473 hours
Average data load time: 0.0325
loss:0.2657346145063639
m3 cls:0.019394113907798386
m3 box:0.004852471090853214
m2 cls:0.06787066265707836
m2 box:0.01218023536261171
m1 cls:0.1417786953187897
m1 box:0.01965843244921416 
------------------------iteration 2000-----------8000 left---------
Average per iter: 0.3327 second.   ETA: 0.7394 hours
Average data load time: 0.0315
loss:0.3144570494815707
m3 cls:0.04248625498201818
m3 box:0.006271208189427852
m2 cls:0.058558119103254286
m2 box:0.012882425107527525
m1 cls:0.16899937144335125
m1 box:0.02525967358611524 
check point saved
------------------------iteration 2050-----------7950 left---------
Average per iter: 0.3190 second.   ETA: 0.7045 hours
Average data load time: 0.0287
loss:0.2850257315859199
m3 cls:0.02511094103153482
m3 box:0.004665712993592024
m2 cls:0.0942400393250864
m2 box:0.01645575075643137
m1 cls:0.12400223425553122
m1 box:0.020551050833892078 
------------------------iteration 2100-----------7900 left---------
Average per iter: 0.3170 second.   ETA: 0.6955 hours
Average data load time: 0.0299
loss:0.2963378791511059
m3 cls:0.08360899546682504
m3 box:0.011242134664207697
m2 cls:0.05793978070636513
m2 box:0.012913693729788065
m1 cls:0.10930699970005663
m1 box:0.021326273321174084 
------------------------iteration 2150-----------7850 left---------
Average per iter: 0.3167 second.   ETA: 0.6905 hours
Average data load time: 0.0319
loss:0.26540085131302477
m3 cls:0.0725616482763462
m3 box:0.010877345148473978
m2 cls:0.06556027512218861
m2 box:0.013227029382251202
m1 cls:0.089835041952756
m1 box:0.013339511957019568 
------------------------iteration 2200-----------7800 left---------
Average per iter: 0.3166 second.   ETA: 0.6860 hours
Average data load time: 0.0315
loss:0.258974795434624
m3 cls:0.03255018859923439
m3 box:0.00413389815017581
m2 cls:0.05753944282740122
m2 box:0.010975032951100729
m1 cls:0.13807678593555464
m1 box:0.01569944659480825 
------------------------iteration 2250-----------7750 left---------
Average per iter: 0.3005 second.   ETA: 0.6468 hours
Average data load time: 0.0305
loss:0.21284694515168667
m3 cls:0.0209111631914584
m3 box:0.003328612595796585
m2 cls:0.06476686302456074
m2 box:0.017242632191628218
m1 cls:0.09165310794021934
m1 box:0.014944566197227687 
------------------------iteration 2300-----------7700 left---------
Average per iter: 0.3176 second.   ETA: 0.6793 hours
Average data load time: 0.0298
loss:0.3320769995078445
m3 cls:0.047935789916809884
m3 box:0.0070249004196375605
m2 cls:0.08640671138768084
m2 box:0.01576568030170165
m1 cls:0.1539502580277622
m1 box:0.02099366140086204 
------------------------iteration 2350-----------7650 left---------
Average per iter: 0.3063 second.   ETA: 0.6508 hours
Average data load time: 0.0308
loss:0.23059499096125363
m3 cls:0.04142834317030065
m3 box:0.0060236134752631185
m2 cls:0.05998016649835335
m2 box:0.014073736614082009
m1 cls:0.09697631930845091
m1 box:0.012112815626896917 
------------------------iteration 2400-----------7600 left---------
Average per iter: 0.3285 second.   ETA: 0.6936 hours
Average data load time: 0.0302
loss:0.25070467565208676
m3 cls:0.034223497526691064
m3 box:0.005171913951635361
m2 cls:0.09399470974400174
m2 box:0.013980590992723592
m1 cls:0.08992088450817391
m1 box:0.013413080256432295 
------------------------iteration 2450-----------7550 left---------
Average per iter: 0.3159 second.   ETA: 0.6626 hours
Average data load time: 0.0319
loss:0.2659787818789482
m3 cls:0.04023568419053845
m3 box:0.007279223343357444
m2 cls:0.06948997516185046
m2 box:0.013633609371609054
m1 cls:0.11775900948239723
m1 box:0.017581280772574245 
------------------------iteration 2500-----------7500 left---------
Average per iter: 0.3200 second.   ETA: 0.6667 hours
Average data load time: 0.0319
loss:0.24423937825486064
m3 cls:0.04774609288861029
m3 box:0.007839294844307005
m2 cls:0.07365642812568694
m2 box:0.013876792252995073
m1 cls:0.08549709349084879
m1 box:0.01562367683276534 
check point saved
------------------------iteration 2550-----------7450 left---------
Average per iter: 0.3360 second.   ETA: 0.6954 hours
Average data load time: 0.0324
loss:0.2790504859760404
m3 cls:0.03794969850583129
m3 box:0.007476344122551382
m2 cls:0.058851812327629885
m2 box:0.012600958026014268
m1 cls:0.14464945218060166
m1 box:0.01752222219016403 
------------------------iteration 2600-----------7400 left---------
Average per iter: 0.3176 second.   ETA: 0.6528 hours
Average data load time: 0.0300
loss:0.3742505445331335
m3 cls:0.019573276030999977
m3 box:0.003452058434486389
m2 cls:0.1073279407969676
m2 box:0.017033404554240406
m1 cls:0.20286113154841587
m1 box:0.02400273602688685 
------------------------iteration 2650-----------7350 left---------
Average per iter: 0.3162 second.   ETA: 0.6457 hours
Average data load time: 0.0311
loss:0.3088674621842802
m3 cls:0.021909765055456772
m3 box:0.004662607582286
m2 cls:0.08237687889355584
m2 box:0.014047590899281204
m1 cls:0.16241608511889352
m1 box:0.023454532965552062 
------------------------iteration 2700-----------7300 left---------
Average per iter: 0.3147 second.   ETA: 0.6381 hours
Average data load time: 0.0292
loss:0.37308601193130014
m3 cls:0.05555611617837712
m3 box:0.007507917839102447
m2 cls:0.10991888334974646
m2 box:0.01825636996887624
m1 cls:0.16077667228179052
m1 box:0.021070057034958154 
------------------------iteration 2750-----------7250 left---------
Average per iter: 0.3131 second.   ETA: 0.6306 hours
Average data load time: 0.0300
loss:0.21221872324123978
m3 cls:0.022875843699816868
m3 box:0.005631292280741036
m2 cls:0.06571571591775864
m2 box:0.011243586987257003
m1 cls:0.09400924652029062
m1 box:0.012743035520397825 
------------------------iteration 2800-----------7200 left---------
Average per iter: 0.3241 second.   ETA: 0.6481 hours
Average data load time: 0.0325
loss:0.2648484958987683
m3 cls:0.031694857497222985
m3 box:0.004769131457433105
m2 cls:0.0728961431159405
m2 box:0.011301852373871952
m1 cls:0.12748550578253343
m1 box:0.01670100474264473 
------------------------iteration 2850-----------7150 left---------
Average per iter: 0.3196 second.   ETA: 0.6347 hours
Average data load time: 0.0309
loss:0.24700961550697684
m3 cls:0.03471931018703799
m3 box:0.006399488653987646
m2 cls:0.05631764313671738
m2 box:0.009580348450690508
m1 cls:0.12526510414434597
m1 box:0.014727718169451691 
------------------------iteration 2900-----------7100 left---------
Average per iter: 0.3011 second.   ETA: 0.5938 hours
Average data load time: 0.0317
loss:0.3830092541128397
m3 cls:0.035990123497686
m3 box:0.006626094556413591
m2 cls:0.08521910596842645
m2 box:0.01235682239755988
m1 cls:0.22437126257602358
m1 box:0.018445846950635315 
------------------------iteration 2950-----------7050 left---------
Average per iter: 0.3239 second.   ETA: 0.6344 hours
Average data load time: 0.0290
loss:0.2868925280869007
m3 cls:0.02518979895852681
m3 box:0.00428970530629158
m2 cls:0.06803333681687945
m2 box:0.012148350649513305
m1 cls:0.15893315172055736
m1 box:0.018298178086988626 
------------------------iteration 3000-----------7000 left---------
Average per iter: 0.3314 second.   ETA: 0.6443 hours
Average data load time: 0.0311
loss:0.27424661342054607
m3 cls:0.0166643532849821
m3 box:0.004769940050318837
m2 cls:0.08760686106979847
m2 box:0.014468255343381316
m1 cls:0.1291217944290838
m1 box:0.02161541183013469 
check point saved
------------------------iteration 3050-----------6950 left---------
Average per iter: 0.3235 second.   ETA: 0.6245 hours
Average data load time: 0.0328
loss:0.18479572543874384
m3 cls:0.02637283133110941
m3 box:0.005906098783016205
m2 cls:0.050798712036703365
m2 box:0.008478391334647313
m1 cls:0.08345611676755653
m1 box:0.009783572130836547 
------------------------iteration 3100-----------6900 left---------
Average per iter: 0.3277 second.   ETA: 0.6281 hours
Average data load time: 0.0298
loss:0.3591298894956708
m3 cls:0.028639846218975435
m3 box:0.0055107182916253805
m2 cls:0.11579517750651576
m2 box:0.020758628010516988
m1 cls:0.168502394084353
m1 box:0.01992312236689031 
------------------------iteration 3150-----------6850 left---------
Average per iter: 0.3090 second.   ETA: 0.5879 hours
Average data load time: 0.0306
loss:0.229172096978873
m3 cls:0.020653798433340854
m3 box:0.005069366907700896
m2 cls:0.07657092165667563
m2 box:0.017588558476418256
m1 cls:0.09127421392826364
m1 box:0.018015237415675074 
------------------------iteration 3200-----------6800 left---------
Average per iter: 0.3168 second.   ETA: 0.5983 hours
Average data load time: 0.0303
loss:0.23625499913468956
m3 cls:0.025264954862632295
m3 box:0.004294455647468567
m2 cls:0.05092764246452134
m2 box:0.010254529379308224
m1 cls:0.12983150971645954
m1 box:0.015681905548553914 
------------------------iteration 3250-----------6750 left---------
Average per iter: 0.3250 second.   ETA: 0.6093 hours
Average data load time: 0.0324
loss:0.25021981916390357
m3 cls:0.03318744015341281
m3 box:0.007085784375667572
m2 cls:0.06919655388279353
m2 box:0.015358716713381
m1 cls:0.1095751698728418
m1 box:0.01581615086412057 
------------------------iteration 3300-----------6700 left---------
Average per iter: 0.3121 second.   ETA: 0.5808 hours
Average data load time: 0.0295
loss:0.21900693103671073
m3 cls:0.02261984505210421
m3 box:0.0023436351120471955
m2 cls:0.07218785129924071
m2 box:0.012943466483848169
m1 cls:0.09559570931945928
m1 box:0.013316422554198652 
------------------------iteration 3350-----------6650 left---------
Average per iter: 0.3152 second.   ETA: 0.5823 hours
Average data load time: 0.0308
loss:0.30088475642725826
m3 cls:0.023581076770992696
m3 box:0.0037741054035723208
m2 cls:0.06468157520663226
m2 box:0.012983846118440851
m1 cls:0.17020431491779164
m1 box:0.02565984253771603 
------------------------iteration 3400-----------6600 left---------
Average per iter: 0.3204 second.   ETA: 0.5874 hours
Average data load time: 0.0323
loss:0.25362354846671226
m3 cls:0.021853010408131014
m3 box:0.003677045265212655
m2 cls:0.06836428607202834
m2 box:0.015606742938980461
m1 cls:0.12513453350868076
m1 box:0.01898793182335794 
------------------------iteration 3450-----------6550 left---------
Average per iter: 0.3264 second.   ETA: 0.5938 hours
Average data load time: 0.0301
loss:0.2509480121731758
m3 cls:0.023036550951492245
m3 box:0.004919721968472004
m2 cls:0.08677508760330965
m2 box:0.01581424594274722
m1 cls:0.10536979588585382
m1 box:0.01503260750323534 
------------------------iteration 3500-----------6500 left---------
Average per iter: 0.3144 second.   ETA: 0.5678 hours
Average data load time: 0.0317
loss:0.23273426679894327
m3 cls:0.030638859984355803
m3 box:0.006045491751283407
m2 cls:0.07862198358750902
m2 box:0.011511733033694327
m1 cls:0.09490080152987503
m1 box:0.011015396966249681 
check point saved
------------------------iteration 3550-----------6450 left---------
Average per iter: 0.3248 second.   ETA: 0.5819 hours
Average data load time: 0.0321
loss:0.18577486753463746
m3 cls:0.024062414694253676
m3 box:0.004037470633629709
m2 cls:0.05120593915693462
m2 box:0.014269063586834819
m1 cls:0.08234198335150722
m1 box:0.009857995180645958 
------------------------iteration 3600-----------6400 left---------
Average per iter: 0.3275 second.   ETA: 0.5822 hours
Average data load time: 0.0337
loss:0.2735789594054222
m3 cls:0.034441607034243586
m3 box:0.005998342260718346
m2 cls:0.06506314987083897
m2 box:0.012307431694353
m1 cls:0.13756081988249208
m1 box:0.018207608042284846 
------------------------iteration 3650-----------6350 left---------
Average per iter: 0.3229 second.   ETA: 0.5696 hours
Average data load time: 0.0307
loss:0.17325636643916367
m3 cls:0.015154668346217476
m3 box:0.002601809734478593
m2 cls:0.04693042226135731
m2 box:0.013775472396519035
m1 cls:0.08253612727712607
m1 box:0.012257866002619267 
------------------------iteration 3700-----------6300 left---------
Average per iter: 0.3182 second.   ETA: 0.5568 hours
Average data load time: 0.0281
loss:0.25778209979645905
m3 cls:0.034039759949628205
m3 box:0.0054845968214794994
m2 cls:0.08269788899866398
m2 box:0.012584483332466334
m1 cls:0.1089075952640269
m1 box:0.014067777072777971 
------------------------iteration 3750-----------6250 left---------
Average per iter: 0.3190 second.   ETA: 0.5539 hours
Average data load time: 0.0290
loss:0.26118772409856317
m3 cls:0.05959549659522281
m3 box:0.007714537903666496
m2 cls:0.0701290971157141
m2 box:0.014269491946324707
m1 cls:0.09618062609079062
m1 box:0.013298470366280526 
------------------------iteration 3800-----------6200 left---------
Average per iter: 0.3053 second.   ETA: 0.5257 hours
Average data load time: 0.0296
loss:0.26520007553510366
m3 cls:0.013838043197879416
m3 box:0.003479599328711629
m2 cls:0.09660457333928207
m2 box:0.019086969784111715
m1 cls:0.11868100635008887
m1 box:0.013509884816594422 
------------------------iteration 3850-----------6150 left---------
Average per iter: 0.3005 second.   ETA: 0.5133 hours
Average data load time: 0.0295
loss:0.22218591889366507
m3 cls:0.02011570257800031
m3 box:0.003389821364544332
m2 cls:0.04935024885387975
m2 box:0.007474992455390747
m1 cls:0.12430203863070347
m1 box:0.017553116523195057 
------------------------iteration 3900-----------6100 left---------
Average per iter: 0.3380 second.   ETA: 0.5727 hours
Average data load time: 0.0306
loss:0.1944458371307701
m3 cls:0.025926626888955015
m3 box:0.0041287643741816284
m2 cls:0.0697539829130983
m2 box:0.010454612281173468
m1 cls:0.07358176296693272
m1 box:0.010600090580992401 
------------------------iteration 3950-----------6050 left---------
Average per iter: 0.3122 second.   ETA: 0.5246 hours
Average data load time: 0.0303
loss:0.2936737027205527
m3 cls:0.03878338916581015
m3 box:0.006526804175227881
m2 cls:0.08626883955847006
m2 box:0.019824912330368535
m1 cls:0.1239989663430606
m1 box:0.018270790670067073 
------------------------iteration 4000-----------6000 left---------
Average per iter: 0.3345 second.   ETA: 0.5575 hours
Average data load time: 0.0301
loss:0.36744703562930225
m3 cls:0.023191132846714025
m3 box:0.003960409164428711
m2 cls:0.10981983377976576
m2 box:0.02000989321619272
m1 cls:0.18713383011287077
m1 box:0.023331933323061094 
check point saved
------------------------iteration 4050-----------5950 left---------
Average per iter: 0.3082 second.   ETA: 0.5094 hours
Average data load time: 0.0315
loss:0.269403067054227
m3 cls:0.064005664830338
m3 box:0.008329849857836961
m2 cls:0.0795485523471143
m2 box:0.014550813888199628
m1 cls:0.08961343784001656
m1 box:0.013354750853031873 
------------------------iteration 4100-----------5900 left---------
Average per iter: 0.3293 second.   ETA: 0.5397 hours
Average data load time: 0.0320
loss:0.2873217464145273
m3 cls:0.045009834194206635
m3 box:0.006388897937722504
m2 cls:0.07671354758902453
m2 box:0.017416908553568648
m1 cls:0.12573147953371516
m1 box:0.016061078920029104 
------------------------iteration 4150-----------5850 left---------
Average per iter: 0.3426 second.   ETA: 0.5567 hours
Average data load time: 0.0307
loss:0.22829701855778695
m3 cls:0.019349138749912526
m3 box:0.004671320808120072
m2 cls:0.05575917624752037
m2 box:0.012443116635549813
m1 cls:0.12022589828819036
m1 box:0.015848367252619937 
------------------------iteration 4200-----------5800 left---------
Average per iter: 0.3240 second.   ETA: 0.5220 hours
Average data load time: 0.0299
loss:0.21451218649744988
m3 cls:0.039297631947911214
m3 box:0.005758268572390079
m2 cls:0.04136228278381168
m2 box:0.00947737372480333
m1 cls:0.10491187445237302
m1 box:0.01370475696050562 
------------------------iteration 4250-----------5750 left---------
Average per iter: 0.3435 second.   ETA: 0.5487 hours
Average data load time: 0.0303
loss:0.24504576706327497
m3 cls:0.012830030734467073
m3 box:0.005287023782730102
m2 cls:0.07523739427968394
m2 box:0.01544208289240487
m1 cls:0.11752745345700533
m1 box:0.018721786227542905 
------------------------iteration 4300-----------5700 left---------
Average per iter: 0.3264 second.   ETA: 0.5168 hours
Average data load time: 0.0314
loss:0.24164069401100277
m3 cls:0.0509701496324783
m3 box:0.009459045119583606
m2 cls:0.05551074825576507
m2 box:0.008462722857948392
m1 cls:0.10235766883008182
m1 box:0.014880355172790587 
------------------------iteration 4350-----------5650 left---------
Average per iter: 0.3193 second.   ETA: 0.5011 hours
Average data load time: 0.0327
loss:0.18627669777255507
m3 cls:0.02714406072089787
m3 box:0.008975623399019242
m2 cls:0.042566846316840386
m2 box:0.008542133645387367
m1 cls:0.08610103282495402
m1 box:0.012947003282606602 
------------------------iteration 4400-----------5600 left---------
Average per iter: 0.3211 second.   ETA: 0.4995 hours
Average data load time: 0.0322
loss:0.21105775425210596
m3 cls:0.029881219247414065
m3 box:0.00458786878734827
m2 cls:0.07031814800997381
m2 box:0.010024911209475249
m1 cls:0.08514552606793586
m1 box:0.011100078034214676 
------------------------iteration 4450-----------5550 left---------
Average per iter: 0.3285 second.   ETA: 0.5065 hours
Average data load time: 0.0310
loss:0.26095444449223576
m3 cls:0.041766301296016765
m3 box:0.00582917520776391
m2 cls:0.05569241728459019
m2 box:0.009724002802395262
m1 cls:0.13244112560583743
m1 box:0.015501422921661288 
------------------------iteration 4500-----------5500 left---------
Average per iter: 0.3413 second.   ETA: 0.5214 hours
Average data load time: 0.0354
loss:0.21618601078167557
m3 cls:0.023237343045138914
m3 box:0.0038380983378738165
m2 cls:0.06388495044222509
m2 box:0.01162643526098691
m1 cls:0.09876781751168892
m1 box:0.014831365250283852 
check point saved
------------------------iteration 4550-----------5450 left---------
Average per iter: 0.3176 second.   ETA: 0.4808 hours
Average data load time: 0.0316
loss:0.33817358458414676
m3 cls:0.027812778859743047
m3 box:0.004551847362890839
m2 cls:0.08367596895201132
m2 box:0.015126316007226706
m1 cls:0.18025255010579713
m1 box:0.026754117929376663 
------------------------iteration 4600-----------5400 left---------
Average per iter: 0.3228 second.   ETA: 0.4842 hours
Average data load time: 0.0300
loss:0.23246105588041246
m3 cls:0.09255794269857688
m3 box:0.009103380609303713
m2 cls:0.03256653028249275
m2 box:0.006863800717983395
m1 cls:0.08142748747137375
m1 box:0.009941916188690812 
------------------------iteration 4650-----------5350 left---------
Average per iter: 0.3119 second.   ETA: 0.4636 hours
Average data load time: 0.0302
loss:0.342710081897676
m3 cls:0.036542785535039
m3 box:0.004307829448953271
m2 cls:0.11689629228581908
m2 box:0.01730923643684946
m1 cls:0.14822707494953646
m1 box:0.01942685890942812 
------------------------iteration 4700-----------5300 left---------
Average per iter: 0.3120 second.   ETA: 0.4593 hours
Average data load time: 0.0278
loss:0.2621207658387721
m3 cls:0.04145017035404976
m3 box:0.005414556406904012
m2 cls:0.05364659761078656
m2 box:0.01065396929392591
m1 cls:0.13245682833250613
m1 box:0.018498643175698815 
------------------------iteration 4750-----------5250 left---------
Average per iter: 0.3226 second.   ETA: 0.4704 hours
Average data load time: 0.0295
loss:0.29452967062592506
m3 cls:0.02308374654772706
m3 box:0.004645957206375897
m2 cls:0.08976137606194243
m2 box:0.013428344525163994
m1 cls:0.14419741208665074
m1 box:0.019412829712964593 
------------------------iteration 4800-----------5200 left---------
Average per iter: 0.3271 second.   ETA: 0.4725 hours
Average data load time: 0.0320
loss:0.2686213043704629
m3 cls:0.021651567927083306
m3 box:0.00468597800238058
m2 cls:0.09220094506585155
m2 box:0.014853836249094456
m1 cls:0.12002102713799104
m1 box:0.015207956430967897 
------------------------iteration 4850-----------5150 left---------
Average per iter: 0.3211 second.   ETA: 0.4594 hours
Average data load time: 0.0303
loss:0.30564487850293515
m3 cls:0.04480464073055827
m3 box:0.00846500120125711
m2 cls:0.08654288579069544
m2 box:0.012894784564268775
m1 cls:0.1380800207838183
m1 box:0.014857546268031001 
------------------------iteration 4900-----------5100 left---------
Average per iter: 0.3130 second.   ETA: 0.4434 hours
Average data load time: 0.0323
loss:0.17315713425166904
m3 cls:0.01887649097606072
m3 box:0.003644284578040242
m2 cls:0.06722504382851184
m2 box:0.011884216847829521
m1 cls:0.06233731115043156
m1 box:0.009189790789969265 
------------------------iteration 4950-----------5050 left---------
Average per iter: 0.2945 second.   ETA: 0.4132 hours
Average data load time: 0.0315
loss:0.169141431376338
m3 cls:0.011556763619694266
m3 box:0.003176457714289427
m2 cls:0.06011653561727144
m2 box:0.010491999456426128
m1 cls:0.07285002574324607
m1 box:0.010949649652466177 
------------------------iteration 5000-----------5000 left---------
Average per iter: 0.3089 second.   ETA: 0.4290 hours
Average data load time: 0.0283
loss:0.16088250131346285
m3 cls:0.009751970716965843
m3 box:0.0033539725793525575
m2 cls:0.052493836659705265
m2 box:0.009189048314001412
m1 cls:0.075597101036401
m1 box:0.010496572917327284 
check point saved
------------------------iteration 5050-----------4950 left---------
Average per iter: 0.2949 second.   ETA: 0.4056 hours
Average data load time: 0.0299
loss:0.13743453522212803
m3 cls:0.019342084388131297
m3 box:0.003526508370414376
m2 cls:0.04178780044981977
m2 box:0.008589806473464705
m1 cls:0.056187640132557136
m1 box:0.00800069455988705 
------------------------iteration 5100-----------4900 left---------
Average per iter: 0.3253 second.   ETA: 0.4427 hours
Average data load time: 0.0321
loss:0.23027779056224973
m3 cls:0.012602035055497254
m3 box:0.002790964925661683
m2 cls:0.06724516352056525
m2 box:0.011785401015076786
m1 cls:0.12212074390627095
m1 box:0.013733479483053089 
------------------------iteration 5150-----------4850 left---------
Average per iter: 0.3332 second.   ETA: 0.4489 hours
Average data load time: 0.0311
loss:0.17278593487106264
m3 cls:0.011141032591383463
m3 box:0.0016700414521619677
m2 cls:0.022666584184917155
m2 box:0.00796559402049752
m1 cls:0.11250268144765868
m1 box:0.016840002334211023 
------------------------iteration 5200-----------4800 left---------
Average per iter: 0.3123 second.   ETA: 0.4164 hours
Average data load time: 0.0321
loss:0.24855844665318727
m3 cls:0.02120012697859238
m3 box:0.004088311707600951
m2 cls:0.05032125549878401
m2 box:0.009489939119666814
m1 cls:0.14678011936019175
m1 box:0.01667869289405644 
------------------------iteration 5250-----------4750 left---------
Average per iter: 0.3162 second.   ETA: 0.4172 hours
Average data load time: 0.0325
loss:0.22722122061997652
m3 cls:0.04484569801787074
m3 box:0.004797776872292161
m2 cls:0.06176090061935611
m2 box:0.011922841074992903
m1 cls:0.09100788228097371
m1 box:0.01288611879106611 
------------------------iteration 5300-----------4700 left---------
Average per iter: 0.3277 second.   ETA: 0.4278 hours
Average data load time: 0.0300
loss:0.19510267520323396
m3 cls:0.03506344393965719
m3 box:0.006524171521887183
m2 cls:0.051432987302541734
m2 box:0.013017952657537534
m1 cls:0.07923932843725197
m1 box:0.00982479000929743 
------------------------iteration 5350-----------4650 left---------
Average per iter: 0.3125 second.   ETA: 0.4037 hours
Average data load time: 0.0294
loss:0.30020873647183177
m3 cls:0.008242398115762627
m3 box:0.0029339605383574964
m2 cls:0.04827298133299337
m2 box:0.009778972608619369
m1 cls:0.2083145534992218
m1 box:0.022665866205934436 
------------------------iteration 5400-----------4600 left---------
Average per iter: 0.3160 second.   ETA: 0.4038 hours
Average data load time: 0.0292
loss:0.19802737600170076
m3 cls:0.014787230976462524
m3 box:0.004429404940456152
m2 cls:0.04362200251351169
m2 box:0.008181794207193888
m1 cls:0.11072727441089228
m1 box:0.01627967179287225 
------------------------iteration 5450-----------4550 left---------
Average per iter: 0.3178 second.   ETA: 0.4016 hours
Average data load time: 0.0298
loss:0.15800584500655532
m3 cls:0.019679704374661922
m3 box:0.004959479216486215
m2 cls:0.03978556142326852
m2 box:0.006816769600700354
m1 cls:0.07792899542895611
m1 box:0.008835334733594208 
------------------------iteration 5500-----------4500 left---------
Average per iter: 0.3249 second.   ETA: 0.4062 hours
Average data load time: 0.0298
loss:0.25505320211872456
m3 cls:0.03615543968038765
m3 box:0.005548882861621678
m2 cls:0.06033184656029334
m2 box:0.010397591509390623
m1 cls:0.12553512489888818
m1 box:0.01708431380568072 
check point saved
------------------------iteration 5550-----------4450 left---------
Average per iter: 0.3264 second.   ETA: 0.4035 hours
Average data load time: 0.0302
loss:0.19745668355375529
m3 cls:0.046699719771750095
m3 box:0.0037603313475847245
m2 cls:0.037903593494556846
m2 box:0.00833635252667591
m1 cls:0.08998153826105408
m1 box:0.010775149031542242 
------------------------iteration 5600-----------4400 left---------
Average per iter: 0.2969 second.   ETA: 0.3628 hours
Average data load time: 0.0301
loss:0.20067255058325828
m3 cls:0.01748833828146189
m3 box:0.003091965583153069
m2 cls:0.052117619691125584
m2 box:0.009050482439342887
m1 cls:0.10669470707332948
m1 box:0.012229436067864299 
------------------------iteration 5650-----------4350 left---------
Average per iter: 0.3078 second.   ETA: 0.3720 hours
Average data load time: 0.0291
loss:0.21780285727232696
m3 cls:0.011900296384019383
m3 box:0.0032573047559708358
m2 cls:0.06793652022010065
m2 box:0.011220697450189618
m1 cls:0.10867032211273908
m1 box:0.014817715764511376 
------------------------iteration 5700-----------4300 left---------
Average per iter: 0.3278 second.   ETA: 0.3915 hours
Average data load time: 0.0318
loss:0.30857061229646204
m3 cls:0.04343264554920097
m3 box:0.0055887371767312285
m2 cls:0.06792186786187812
m2 box:0.011600917408941314
m1 cls:0.1606257072428707
m1 box:0.019400738161057234 
------------------------iteration 5750-----------4250 left---------
Average per iter: 0.3243 second.   ETA: 0.3829 hours
Average data load time: 0.0324
loss:0.1851121086999774
m3 cls:0.015994498218642548
m3 box:0.0029118095338344576
m2 cls:0.06782457493434776
m2 box:0.012430552019504831
m1 cls:0.07721245341585017
m1 box:0.008738219095394016 
------------------------iteration 5800-----------4200 left---------
Average per iter: 0.3359 second.   ETA: 0.3919 hours
Average data load time: 0.0302
loss:0.21951139162294567
m3 cls:0.01729988999534726
m3 box:0.003403892086353153
m2 cls:0.05048491429537535
m2 box:0.00788028776529245
m1 cls:0.12583090716332662
m1 box:0.01461150184040889 
------------------------iteration 5850-----------4150 left---------
Average per iter: 0.3069 second.   ETA: 0.3538 hours
Average data load time: 0.0306
loss:0.22399646815727464
m3 cls:0.0189448916909123
m3 box:0.0031998194800689815
m2 cls:0.035518222069513286
m2 box:0.014986654977547005
m1 cls:0.13438793474051636
m1 box:0.01695894800926908 
------------------------iteration 5900-----------4100 left---------
Average per iter: 0.3204 second.   ETA: 0.3649 hours
Average data load time: 0.0313
loss:0.20213841365650295
m3 cls:0.020751022157188857
m3 box:0.0048711248207837345
m2 cls:0.05156112626311369
m2 box:0.01257972025545314
m1 cls:0.09567388699419098
m1 box:0.016701532867737113 
------------------------iteration 5950-----------4050 left---------
Average per iter: 0.3073 second.   ETA: 0.3457 hours
Average data load time: 0.0301
loss:0.228150549326092
m3 cls:0.03971856732386499
m3 box:0.004697420143056661
m2 cls:0.052128209602087736
m2 box:0.009795624318066985
m1 cls:0.1081671551548061
m1 box:0.013643573271110654 
------------------------iteration 6000-----------4000 left---------
Average per iter: 0.3110 second.   ETA: 0.3455 hours
Average data load time: 0.0303
loss:0.19770615731365979
m3 cls:0.01983537993613595
m3 box:0.0019320951902773232
m2 cls:0.05425508809101302
m2 box:0.00909933703020215
m1 cls:0.10061444707873307
m1 box:0.011969809664878994 
check point saved
------------------------iteration 6050-----------3950 left---------
Average per iter: 0.3009 second.   ETA: 0.3301 hours
Average data load time: 0.0269
loss:0.24932671287097036
m3 cls:0.012951229500267801
m3 box:0.002195203024893999
m2 cls:0.06237298596446635
m2 box:0.010569610256934538
m1 cls:0.1455135577195324
m1 box:0.015724129513837396 
------------------------iteration 6100-----------3900 left---------
Average per iter: 0.3053 second.   ETA: 0.3307 hours
Average data load time: 0.0329
loss:0.1953901557996869
m3 cls:0.02251381197439514
m3 box:0.0032922828942537306
m2 cls:0.05772214266187802
m2 box:0.010103741878410802
m1 cls:0.090475253846962
m1 box:0.01128291775006801 
------------------------iteration 6150-----------3850 left---------
Average per iter: 0.2992 second.   ETA: 0.3200 hours
Average data load time: 0.0313
loss:0.16735520123504102
m3 cls:0.010568936082447635
m3 box:0.0031280139880254863
m2 cls:0.03855803762984578
m2 box:0.007154151346185245
m1 cls:0.09658015492837876
m1 box:0.011365905911661684 
------------------------iteration 6200-----------3800 left---------
Average per iter: 0.3199 second.   ETA: 0.3377 hours
Average data load time: 0.0307
loss:0.2209978199377656
m3 cls:0.02423951117732713
m3 box:0.006947220622096211
m2 cls:0.05122200742887799
m2 box:0.012343412856571376
m1 cls:0.11183116986881941
m1 box:0.014414504449814559 
------------------------iteration 6250-----------3750 left---------
Average per iter: 0.3155 second.   ETA: 0.3286 hours
Average data load time: 0.0310
loss:0.24300003295764327
m3 cls:0.04219891148137037
m3 box:0.00581723939627409
m2 cls:0.06350153141887858
m2 box:0.012373447222635149
m1 cls:0.10564169331337325
m1 box:0.013467206470668316 
------------------------iteration 6300-----------3700 left---------
Average per iter: 0.3201 second.   ETA: 0.3290 hours
Average data load time: 0.0312
loss:0.1660250922292471
m3 cls:0.010763545869692734
m3 box:0.0025702473940327764
m2 cls:0.04288805293646874
m2 box:0.009089607910718769
m1 cls:0.08973475193430204
m1 box:0.010978889600373805 
------------------------iteration 6350-----------3650 left---------
Average per iter: 0.3021 second.   ETA: 0.3063 hours
Average data load time: 0.0306
loss:0.22581122852861882
m3 cls:0.031839012218747485
m3 box:0.003997102044522762
m2 cls:0.06887190210094558
m2 box:0.010066268022637815
m1 cls:0.09845232209889218
m1 box:0.012584621424903162 
------------------------iteration 6400-----------3600 left---------
Average per iter: 0.3142 second.   ETA: 0.3142 hours
Average data load time: 0.0311
loss:0.22259211409837007
m3 cls:0.03562421283992535
m3 box:0.005425892877392471
m2 cls:0.07377264532202389
m2 box:0.011566117292968556
m1 cls:0.08456631120032398
m1 box:0.011636935407295823 
------------------------iteration 6450-----------3550 left---------
Average per iter: 0.3299 second.   ETA: 0.3253 hours
Average data load time: 0.0338
loss:0.20252340275794267
m3 cls:0.01763923359551882
m3 box:0.0039819280896335844
m2 cls:0.06227096146496478
m2 box:0.011164294842164963
m1 cls:0.09472088613634697
m1 box:0.012746096621267498 
------------------------iteration 6500-----------3500 left---------
Average per iter: 0.2924 second.   ETA: 0.2843 hours
Average data load time: 0.0310
loss:0.21648744359612465
m3 cls:0.030584764543636993
m3 box:0.006675767365377397
m2 cls:0.05328281200022502
m2 box:0.009869944321690128
m1 cls:0.10191322113620117
m1 box:0.014160935743711888 
check point saved
------------------------iteration 6550-----------3450 left---------
Average per iter: 0.3180 second.   ETA: 0.3047 hours
Average data load time: 0.0321
loss:0.1585560880275443
m3 cls:0.04377022883363232
m3 box:0.006282602944411337
m2 cls:0.037144108752636386
m2 box:0.007175529439700767
m1 cls:0.05537345738644944
m1 box:0.008810162518639118 
------------------------iteration 6600-----------3400 left---------
Average per iter: 0.3146 second.   ETA: 0.2971 hours
Average data load time: 0.0296
loss:0.2342934328317642
m3 cls:0.029999513917426838
m3 box:0.002436881121248007
m2 cls:0.04056431344681186
m2 box:0.008039902313612401
m1 cls:0.1349394695344381
m1 box:0.01831335128401406 
------------------------iteration 6650-----------3350 left---------
Average per iter: 0.3135 second.   ETA: 0.2917 hours
Average data load time: 0.0332
loss:0.17021163092926145
m3 cls:0.017713211581639143
m3 box:0.005700910612940788
m2 cls:0.036889486906184175
m2 box:0.009721053435932846
m1 cls:0.0895856318238657
m1 box:0.010601334422826767 
------------------------iteration 6700-----------3300 left---------
Average per iter: 0.3214 second.   ETA: 0.2946 hours
Average data load time: 0.0345
loss:0.2406248447112739
m3 cls:0.046271169855008336
m3 box:0.0038707895250990987
m2 cls:0.052113537880286456
m2 box:0.008923274672706611
m1 cls:0.11519178102258593
m1 box:0.014254291931865736 
------------------------iteration 6750-----------3250 left---------
Average per iter: 0.3127 second.   ETA: 0.2823 hours
Average data load time: 0.0299
loss:0.22191579082980753
m3 cls:0.02234234023152567
m3 box:0.0028747405903413892
m2 cls:0.06121608509594807
m2 box:0.013024923040065915
m1 cls:0.10385344698559493
m1 box:0.018604256190592423 
------------------------iteration 6800-----------3200 left---------
Average per iter: 0.3106 second.   ETA: 0.2761 hours
Average data load time: 0.0304
loss:0.14730700907297434
m3 cls:0.01753816228200776
m3 box:0.0033008590620011093
m2 cls:0.025969995135674252
m2 box:0.009297350675333292
m1 cls:0.08006101733306423
m1 box:0.011139622814953327 
------------------------iteration 6850-----------3150 left---------
Average per iter: 0.3242 second.   ETA: 0.2837 hours
Average data load time: 0.0309
loss:0.13987233101390303
m3 cls:0.005140367539023308
m3 box:0.0012977000977844
m2 cls:0.0343407636603888
m2 box:0.0071946850628592076
m1 cls:0.07948979875538498
m1 box:0.01240901465062052 
------------------------iteration 6900-----------3100 left---------
Average per iter: 0.3287 second.   ETA: 0.2830 hours
Average data load time: 0.0297
loss:0.2380542368069291
m3 cls:0.02385863722285535
m3 box:0.004837028933688998
m2 cls:0.06303371922811493
m2 box:0.011240134926047175
m1 cls:0.11953000612091273
m1 box:0.015554714986938051 
------------------------iteration 6950-----------3050 left---------
Average per iter: 0.3236 second.   ETA: 0.2742 hours
Average data load time: 0.0313
loss:0.24610774977132677
m3 cls:0.015712524845148436
m3 box:0.0047214876767247916
m2 cls:0.07266707878443412
m2 box:0.011720119254314341
m1 cls:0.1242297634750139
m1 box:0.017056776941753924 
------------------------iteration 7000-----------3000 left---------
Average per iter: 0.3240 second.   ETA: 0.2700 hours
Average data load time: 0.0283
loss:0.25387438099831344
m3 cls:0.05265405799576911
m3 box:0.006097084367647767
m2 cls:0.05353619350629742
m2 box:0.01123098559677601
m1 cls:0.11429457284742967
m1 box:0.016061489987187087 
check point saved
------------------------iteration 7050-----------2950 left---------
Average per iter: 0.3189 second.   ETA: 0.2613 hours
Average data load time: 0.0310
loss:0.19118217919021846
m3 cls:0.025802067095610254
m3 box:0.004728136816993356
m2 cls:0.08277804672019556
m2 box:0.010653394351975294
m1 cls:0.06051539547610446
m1 box:0.006705139346886426 
------------------------iteration 7100-----------2900 left---------
Average per iter: 0.3113 second.   ETA: 0.2507 hours
Average data load time: 0.0290
loss:0.1739455483481288
m3 cls:0.010671546536107144
m3 box:0.002625150177627802
m2 cls:0.04320687832150725
m2 box:0.008390311700641178
m1 cls:0.09266655427752994
m1 box:0.0163851081894245 
------------------------iteration 7150-----------2850 left---------
Average per iter: 0.3504 second.   ETA: 0.2774 hours
Average data load time: 0.0309
loss:0.23632595386356114
m3 cls:0.01959746589164297
m3 box:0.003803532044403255
m2 cls:0.059725689380429686
m2 box:0.011639450583606959
m1 cls:0.12329847774468362
m1 box:0.01826133508933708 
------------------------iteration 7200-----------2800 left---------
Average per iter: 0.3223 second.   ETA: 0.2507 hours
Average data load time: 0.0296
loss:0.2648328798916191
m3 cls:0.04721886337758576
m3 box:0.00944151239003986
m2 cls:0.04856985206148238
m2 box:0.008481916991295293
m1 cls:0.13545512846234486
m1 box:0.015665605878457427 
------------------------iteration 7250-----------2750 left---------
Average per iter: 0.3211 second.   ETA: 0.2453 hours
Average data load time: 0.0274
loss:0.23445686586201192
m3 cls:0.01846802769603201
m3 box:0.005786403892561793
m2 cls:0.05331793022858619
m2 box:0.01033321452094242
m1 cls:0.1287400591484038
m1 box:0.017811230709776284 
------------------------iteration 7300-----------2700 left---------
Average per iter: 0.3092 second.   ETA: 0.2319 hours
Average data load time: 0.0318
loss:0.248286674041301
m3 cls:0.015754865755634454
m3 box:0.005015096205752343
m2 cls:0.0639188232284505
m2 box:0.011401107099372894
m1 cls:0.13501637694309465
m1 box:0.017180402223020794 
------------------------iteration 7350-----------2650 left---------
Average per iter: 0.3018 second.   ETA: 0.2222 hours
Average data load time: 0.0295
loss:0.18210993552580476
m3 cls:0.005320342584372995
m3 box:0.001638615494593978
m2 cls:0.029195175633388998
m2 box:0.004831682126387023
m1 cls:0.12424175204578206
m1 box:0.016882368351798505 
------------------------iteration 7400-----------2600 left---------
Average per iter: 0.3092 second.   ETA: 0.2233 hours
Average data load time: 0.0321
loss:0.13419343484565616
m3 cls:0.015354553242856355
m3 box:0.005709350234828889
m2 cls:0.025449739460891577
m2 box:0.005916401844006032
m1 cls:0.07267198548011948
m1 box:0.009091405041981488 
------------------------iteration 7450-----------2550 left---------
Average per iter: 0.3208 second.   ETA: 0.2273 hours
Average data load time: 0.0312
loss:0.18642104575410484
m3 cls:0.01587037941366816
m3 box:0.0031285866862162948
m2 cls:0.06894333683914738
m2 box:0.01227434465312399
m1 cls:0.07288715163638698
m1 box:0.013317251126281918 
------------------------iteration 7500-----------2500 left---------
Average per iter: 0.3261 second.   ETA: 0.2264 hours
Average data load time: 0.0312
loss:0.284130279943347
m3 cls:0.0799012147161011
m3 box:0.005626476951874793
m2 cls:0.07536097927950322
m2 box:0.014936595454346389
m1 cls:0.09531525334939943
m1 box:0.01298976228106767 
check point saved
------------------------iteration 7550-----------2450 left---------
Average per iter: 0.3117 second.   ETA: 0.2121 hours
Average data load time: 0.0319
loss:0.23532401848584414
m3 cls:0.028751804969469958
m3 box:0.004224101072177291
m2 cls:0.06732281586737372
m2 box:0.010558014343259856
m1 cls:0.1107542605663184
m1 box:0.013713026021141559 
------------------------iteration 7600-----------2400 left---------
Average per iter: 0.3187 second.   ETA: 0.2125 hours
Average data load time: 0.0306
loss:0.16243907794356346
m3 cls:0.010715656915484715
m3 box:0.0022570620500482618
m2 cls:0.04156363720307127
m2 box:0.007925858818925918
m1 cls:0.08894848747528158
m1 box:0.011028375499881804 
------------------------iteration 7650-----------2350 left---------
Average per iter: 0.3187 second.   ETA: 0.2080 hours
Average data load time: 0.0285
loss:0.2445578121393919
m3 cls:0.030324240718556154
m3 box:0.0031360863056033848
m2 cls:0.048019702971214426
m2 box:0.007988580837845802
m1 cls:0.14023728850006592
m1 box:0.014851908357813954 
------------------------iteration 7700-----------2300 left---------
Average per iter: 0.3175 second.   ETA: 0.2029 hours
Average data load time: 0.0293
loss:0.17731733144260942
m3 cls:0.024444495201288136
m3 box:0.002710891650058329
m2 cls:0.04253138055326417
m2 box:0.00982403455360327
m1 cls:0.08410915169632062
m1 box:0.013697379473596812 
------------------------iteration 7750-----------2250 left---------
Average per iter: 0.3313 second.   ETA: 0.2070 hours
Average data load time: 0.0305
loss:0.18374361235648393
m3 cls:0.020670854694626543
m3 box:0.002891102549619973
m2 cls:0.031969754294259474
m2 box:0.007184522505558562
m1 cls:0.10846785355475731
m1 box:0.01255952386651188 
------------------------iteration 7800-----------2200 left---------
Average per iter: 0.3324 second.   ETA: 0.2031 hours
Average data load time: 0.0301
loss:0.21901461492758245
m3 cls:0.019367862198203058
m3 box:0.006087131374515593
m2 cls:0.04975783417772618
m2 box:0.011768374444800429
m1 cls:0.11768183227570261
m1 box:0.014351579701760785 
------------------------iteration 7850-----------2150 left---------
Average per iter: 0.3208 second.   ETA: 0.1916 hours
Average data load time: 0.0310
loss:0.20811213297769426
m3 cls:0.03925892585101792
m3 box:0.00643044420517981
m2 cls:0.04258501790551236
m2 box:0.007920238052029162
m1 cls:0.09778830145936808
m1 box:0.014129206526558847 
------------------------iteration 7900-----------2100 left---------
Average per iter: 0.3027 second.   ETA: 0.1766 hours
Average data load time: 0.0300
loss:0.20524601561948658
m3 cls:0.02612420539608138
m3 box:0.0044091159291565415
m2 cls:0.04957375742902514
m2 box:0.00996123135322705
m1 cls:0.10027644210495054
m1 box:0.01490126614458859 
------------------------iteration 7950-----------2050 left---------
Average per iter: 0.3135 second.   ETA: 0.1785 hours
Average data load time: 0.0301
loss:0.22038121967576443
m3 cls:0.025437824465236077
m3 box:0.004866265784949064
m2 cls:0.044899306643055754
m2 box:0.008757696363609284
m1 cls:0.12361083313822746
m1 box:0.012809294250328094 
------------------------iteration 8000-----------2000 left---------
Average per iter: 0.3414 second.   ETA: 0.1896 hours
Average data load time: 0.0298
loss:0.3173100827075541
m3 cls:0.049908739601783055
m3 box:0.004594146558083594
m2 cls:0.07194088027375983
m2 box:0.011782872407638933
m1 cls:0.16044906948576682
m1 box:0.018634380412404426 
check point saved
------------------------iteration 8050-----------1950 left---------
Average per iter: 0.3177 second.   ETA: 0.1721 hours
Average data load time: 0.0311
loss:0.2721298062428832
m3 cls:0.06405782981089146
m3 box:0.006910325135104358
m2 cls:0.06399295573413838
m2 box:0.008515360587625764
m1 cls:0.11196167249931023
m1 box:0.016691659442149103 
------------------------iteration 8100-----------1900 left---------
Average per iter: 0.3219 second.   ETA: 0.1699 hours
Average data load time: 0.0291
loss:0.12804499693214894
m3 cls:0.00793147644264991
m3 box:0.0017822318384423852
m2 cls:0.028395152892335317
m2 box:0.00575169496703893
m1 cls:0.07418696275562979
m1 box:0.009997477165888995 
------------------------iteration 8150-----------1850 left---------
Average per iter: 0.3249 second.   ETA: 0.1670 hours
Average data load time: 0.0337
loss:0.2149402735941112
m3 cls:0.0380485763001343
m3 box:0.006778673441149294
m2 cls:0.04375555106598768
m2 box:0.006461605655495077
m1 cls:0.10401566397107671
m1 box:0.015880199680104852 
------------------------iteration 8200-----------1800 left---------
Average per iter: 0.3122 second.   ETA: 0.1561 hours
Average data load time: 0.0330
loss:0.24262557595968245
m3 cls:0.04729837426857557
m3 box:0.0071728504914790395
m2 cls:0.05163461627147626
m2 box:0.008378415366169066
m1 cls:0.11503423333284445
m1 box:0.013107084147632122 
------------------------iteration 8250-----------1750 left---------
Average per iter: 0.3147 second.   ETA: 0.1530 hours
Average data load time: 0.0286
loss:0.1809468892402947
m3 cls:0.014284274396813998
m3 box:0.002659082063473761
m2 cls:0.03324063668987946
m2 box:0.00761590565321967
m1 cls:0.1098484525969252
m1 box:0.013298537597293034 
------------------------iteration 8300-----------1700 left---------
Average per iter: 0.3206 second.   ETA: 0.1514 hours
Average data load time: 0.0304
loss:0.17418638720177115
m3 cls:0.011528672564053011
m3 box:0.0027549460204318167
m2 cls:0.03881259799447435
m2 box:0.008734555446426383
m1 cls:0.10196043714415282
m1 box:0.010395177218597382 
------------------------iteration 8350-----------1650 left---------
Average per iter: 0.3421 second.   ETA: 0.1568 hours
Average data load time: 0.0337
loss:0.1813650025613606
m3 cls:0.024089712057728432
m3 box:0.003878238908946514
m2 cls:0.042633113812626106
m2 box:0.013924270923016593
m1 cls:0.08529350326367421
m1 box:0.011546163752209395 
------------------------iteration 8400-----------1600 left---------
Average per iter: 0.3067 second.   ETA: 0.1363 hours
Average data load time: 0.0316
loss:0.18076734877657144
m3 cls:0.02687733424548526
m3 box:0.006114060215186328
m2 cls:0.05601996431418229
m2 box:0.012044824810000137
m1 cls:0.07068518851767294
m1 box:0.009025974206160754 
------------------------iteration 8450-----------1550 left---------
Average per iter: 0.3159 second.   ETA: 0.1360 hours
Average data load time: 0.0297
loss:0.2311030261218548
m3 cls:0.03273523136386302
m3 box:0.004911641213111579
m2 cls:0.051777845887991135
m2 box:0.010193677204661071
m1 cls:0.11699462940450758
m1 box:0.014490001453086734 
------------------------iteration 8500-----------1500 left---------
Average per iter: 0.3240 second.   ETA: 0.1350 hours
Average data load time: 0.0311
loss:0.18856721146032215
m3 cls:0.019175902722427054
m3 box:0.0049639146961271766
m2 cls:0.03802554370980943
m2 box:0.011019433848850894
m1 cls:0.10145011093176436
m1 box:0.013932303864276036 
check point saved
------------------------iteration 8550-----------1450 left---------
Average per iter: 0.3055 second.   ETA: 0.1231 hours
Average data load time: 0.0305
loss:0.18035576864145697
m3 cls:0.009171738426285287
m3 box:0.0020136823691427707
m2 cls:0.03709488741544192
m2 box:0.00783914333442226
m1 cls:0.11131783093966079
m1 box:0.012918483682442456 
------------------------iteration 8600-----------1400 left---------
Average per iter: 0.3072 second.   ETA: 0.1195 hours
Average data load time: 0.0306
loss:0.17265040634199977
m3 cls:0.023893494527731887
m3 box:0.004609778868034482
m2 cls:0.03899377085937886
m2 box:0.007894260655157269
m1 cls:0.08189205102273263
m1 box:0.01536704967962578 
------------------------iteration 8650-----------1350 left---------
Average per iter: 0.3211 second.   ETA: 0.1204 hours
Average data load time: 0.0313
loss:0.23307395220734178
m3 cls:0.03488276479784872
m3 box:0.0032388322846964002
m2 cls:0.0722781666519586
m2 box:0.012154643333051354
m1 cls:0.0966320461826399
m1 box:0.013887496152892708 
------------------------iteration 8700-----------1300 left---------
Average per iter: 0.3160 second.   ETA: 0.1141 hours
Average data load time: 0.0296
loss:0.16438198318704964
m3 cls:0.013763978804545331
m3 box:0.0019812675146386027
m2 cls:0.045343162116478195
m2 box:0.009331940277479588
m1 cls:0.08109771628573072
m1 box:0.012863918035291135 
------------------------iteration 8750-----------1250 left---------
Average per iter: 0.3175 second.   ETA: 0.1102 hours
Average data load time: 0.0288
loss:0.20594900781288744
m3 cls:0.04815537395052047
m3 box:0.005751787703484296
m2 cls:0.05984663390627247
m2 box:0.013815655710641295
m1 cls:0.06826163378253114
m1 box:0.010117923328652977 
------------------------iteration 8800-----------1200 left---------
Average per iter: 0.3204 second.   ETA: 0.1068 hours
Average data load time: 0.0310
loss:0.15587434036657213
m3 cls:0.020046163451370377
m3 box:0.00428965162485838
m2 cls:0.0506365915882634
m2 box:0.011189263325068168
m1 cls:0.0609168695891276
m1 box:0.008795800018124283 
------------------------iteration 8850-----------1150 left---------
Average per iter: 0.3197 second.   ETA: 0.1021 hours
Average data load time: 0.0305
loss:0.16441775167360903
m3 cls:0.017415452366001317
m3 box:0.005003697723150253
m2 cls:0.04127825759744155
m2 box:0.008784633686300367
m1 cls:0.08051778546185233
m1 box:0.011417924636043608 
------------------------iteration 8900-----------1100 left---------
Average per iter: 0.3010 second.   ETA: 0.0920 hours
Average data load time: 0.0292
loss:0.19700561580248177
m3 cls:0.018215271267727075
m3 box:0.004417861327528954
m2 cls:0.07453315805876627
m2 box:0.01245755261159502
m1 cls:0.07660066955315414
m1 box:0.010781103130429983 
------------------------iteration 8950-----------1050 left---------
Average per iter: 0.3147 second.   ETA: 0.0918 hours
Average data load time: 0.0270
loss:0.21187646995298565
m3 cls:0.02715683213798684
m3 box:0.003561412626877427
m2 cls:0.061095098487276116
m2 box:0.007339088794542477
m1 cls:0.09745880803733599
m1 box:0.015265228268690407 
------------------------iteration 9000-----------1000 left---------
Average per iter: 0.3130 second.   ETA: 0.0870 hours
Average data load time: 0.0327
loss:0.18494574478361755
m3 cls:0.0291459752366427
m3 box:0.0038543503731489183
m2 cls:0.0699310913644149
m2 box:0.009267437079688533
m1 cls:0.06309184408280999
m1 box:0.009655047396081499 
check point saved
------------------------iteration 9050-----------950 left---------
Average per iter: 0.3131 second.   ETA: 0.0826 hours
Average data load time: 0.0294
loss:0.22747100505977869
m3 cls:0.011838221316911585
m3 box:0.0015571053547319025
m2 cls:0.05657100046868436
m2 box:0.007740227599570062
m1 cls:0.12875772812287323
m1 box:0.021006715930998326 
------------------------iteration 9100-----------900 left---------
Average per iter: 0.3089 second.   ETA: 0.0772 hours
Average data load time: 0.0313
loss:0.23666210593655707
m3 cls:0.007059377644760616
m3 box:0.001855848840204999
m2 cls:0.07129096168813703
m2 box:0.01138371015782468
m1 cls:0.1296063225425314
m1 box:0.015465883677825332 
------------------------iteration 9150-----------850 left---------
Average per iter: 0.3195 second.   ETA: 0.0754 hours
Average data load time: 0.0317
loss:0.17189981007017197
m3 cls:0.013953680138535561
m3 box:0.0049086964945308864
m2 cls:0.055088406933173246
m2 box:0.011054414777318016
m1 cls:0.0776331601513084
m1 box:0.009261450938647614 
------------------------iteration 9200-----------800 left---------
Average per iter: 0.3331 second.   ETA: 0.0740 hours
Average data load time: 0.0333
loss:0.2118932103831321
m3 cls:0.021092713947886067
m3 box:0.006580147184431553
m2 cls:0.07040907842558226
m2 box:0.011146965560037643
m1 cls:0.09146071360155475
m1 box:0.011203589856158942 
------------------------iteration 9250-----------750 left---------
Average per iter: 0.3044 second.   ETA: 0.0634 hours
Average data load time: 0.0311
loss:0.19149442041292786
m3 cls:0.011547176768610825
m3 box:0.0024817169306334107
m2 cls:0.05272286905674264
m2 box:0.009765396626316942
m1 cls:0.10099145309606683
m1 box:0.013985807704739273 
------------------------iteration 9300-----------700 left---------
Average per iter: 0.3154 second.   ETA: 0.0613 hours
Average data load time: 0.0313
loss:0.16899907922372223
m3 cls:0.005928123825760849
m3 box:0.001074913158081472
m2 cls:0.054908552946290004
m2 box:0.00940208009662456
m1 cls:0.08693776116822846
m1 box:0.01074764780467376 
------------------------iteration 9350-----------650 left---------
Average per iter: 0.3394 second.   ETA: 0.0613 hours
Average data load time: 0.0302
loss:0.19540009242948145
m3 cls:0.011540319605314835
m3 box:0.0030559521540999414
m2 cls:0.04172554463215419
m2 box:0.00845666035427712
m1 cls:0.11635939755302388
m1 box:0.014262221702374518 
------------------------iteration 9400-----------600 left---------
Average per iter: 0.3248 second.   ETA: 0.0541 hours
Average data load time: 0.0321
loss:0.16359136240556837
m3 cls:0.02386360291551256
m3 box:0.0043932670913636685
m2 cls:0.042808100741603995
m2 box:0.010934306223643943
m1 cls:0.06985387760207232
m1 box:0.011738210683106445 
------------------------iteration 9450-----------550 left---------
Average per iter: 0.3368 second.   ETA: 0.0515 hours
Average data load time: 0.0302
loss:0.2873556749150157
m3 cls:0.018158148801671815
m3 box:0.004079480939544737
m2 cls:0.07218692681926768
m2 box:0.010954835057200399
m1 cls:0.16149252626521046
m1 box:0.020483757744077593 
------------------------iteration 9500-----------500 left---------
Average per iter: 0.3203 second.   ETA: 0.0445 hours
Average data load time: 0.0298
loss:0.19589624429121613
m3 cls:0.023072429948313128
m3 box:0.0040484626754187045
m2 cls:0.04552033082101843
m2 box:0.009116423312807456
m1 cls:0.1021670835907571
m1 box:0.011971518023055978 
check point saved
------------------------iteration 9550-----------450 left---------
Average per iter: 0.3109 second.   ETA: 0.0389 hours
Average data load time: 0.0309
loss:0.20522907103877513
m3 cls:0.019165217404906797
m3 box:0.003715895782224834
m2 cls:0.06329591612942749
m2 box:0.012547527814167552
m1 cls:0.095217619164614
m1 box:0.011286893940414301 
------------------------iteration 9600-----------400 left---------
Average per iter: 0.2993 second.   ETA: 0.0333 hours
Average data load time: 0.0288
loss:0.15771650452166797
m3 cls:0.005992304849792021
m3 box:0.001755273058079183
m2 cls:0.041497560704883654
m2 box:0.007962391612236388
m1 cls:0.08938449709356064
m1 box:0.011124477758421562 
------------------------iteration 9650-----------350 left---------
Average per iter: 0.3196 second.   ETA: 0.0311 hours
Average data load time: 0.0324
loss:0.24265835369937122
m3 cls:0.028399348035964066
m3 box:0.004512273631989956
m2 cls:0.06366818810405675
m2 box:0.010680749425664543
m1 cls:0.11939390079351142
m1 box:0.01600389177678153 
------------------------iteration 9700-----------300 left---------
Average per iter: 0.3078 second.   ETA: 0.0256 hours
Average data load time: 0.0326
loss:0.14383833757601677
m3 cls:0.01593988667726535
m3 box:0.006428773971274495
m2 cls:0.040240127435390606
m2 box:0.008411168963648378
m1 cls:0.06354040809208528
m1 box:0.009277969509130344 
------------------------iteration 9750-----------250 left---------
Average per iter: 0.3117 second.   ETA: 0.0216 hours
Average data load time: 0.0321
loss:0.17018895802088083
m3 cls:0.019494082285646072
m3 box:0.0051621388550847766
m2 cls:0.05430221271526534
m2 box:0.010701929886708967
m1 cls:0.07095392145023652
m1 box:0.009574672617018222 
------------------------iteration 9800-----------200 left---------
Average per iter: 0.3071 second.   ETA: 0.0171 hours
Average data load time: 0.0296
loss:0.277494499720633
m3 cls:0.04571545643468198
m3 box:0.004237762186676264
m2 cls:0.049901309102206144
m2 box:0.008855353255057707
m1 cls:0.14931282269826623
m1 box:0.01947179588023573 
------------------------iteration 9850-----------150 left---------
Average per iter: 0.3132 second.   ETA: 0.0131 hours
Average data load time: 0.0328
loss:0.1816481968201697
m3 cls:0.014870486751433418
m3 box:0.0030796322412788867
m2 cls:0.04883227370773966
m2 box:0.011286886477610097
m1 cls:0.08961753661860712
m1 box:0.01396138074574992 
------------------------iteration 9900-----------100 left---------
Average per iter: 0.3219 second.   ETA: 0.0089 hours
Average data load time: 0.0288
loss:0.16783144728280605
m3 cls:0.0131619176309988
m3 box:0.004880734272301197
m2 cls:0.03871860039391322
m2 box:0.00682320159045048
m1 cls:0.0921968173305504
m1 box:0.012050174057949335 
------------------------iteration 9950-----------50 left---------
Average per iter: 0.3059 second.   ETA: 0.0042 hours
Average data load time: 0.0303
loss:0.2110486148763448
m3 cls:0.01957427765970863
m3 box:0.0032951078563928605
m2 cls:0.05500352087663487
m2 box:0.008221588667074684
m1 cls:0.110499605871737
m1 box:0.014454515230609104 
